Using pre-set license
Built from '2021.1/staging' branch; Version is '2021.1.21f1 (f2d5d3c59f8c) revision 15914451'; Using compiler version '192528614'; Build Type 'Release'
OS: 'Windows 10 Home; OS build 22000.1574; Version 2009; 64bit' Language: 'en' Physical Memory: 8076 MB
BatchMode: 1, IsHumanControllingUs: 0, StartBugReporterOnCrash: 0, Is64bit: 1, IsPro: 0

COMMAND LINE ARGUMENTS:
C:\Program Files\Unity\Hub\Editor\2021.1.21f1\Editor\Unity.exe
-adb2
-batchMode
-noUpm
-name
AssetImportWorker3
-projectPath
C:/COMP4024/GolfAdventure
-logFile
Logs/AssetImportWorker3.log
-srvPort
51924
Successfully changed project path to: C:/COMP4024/GolfAdventure
C:/COMP4024/GolfAdventure
Using Asset Import Pipeline V2.
Refreshing native plugins compatible for Editor in 113.01 ms, found 3 plugins.
Preloading 0 native plugins for Editor in 0.00 ms.
Initialize engine version: 2021.1.21f1 (f2d5d3c59f8c)
[Subsystems] Discovering subsystems at path C:/Program Files/Unity/Hub/Editor/2021.1.21f1/Editor/Data/Resources/UnitySubsystems
[Subsystems] Discovering subsystems at path C:/COMP4024/GolfAdventure/Assets
GfxDevice: creating device client; threaded=0; jobified=0
Direct3D:
    Version:  Direct3D 11.0 [level 11.1]
    Renderer: Intel(R) UHD Graphics 620 (ID=0x5917)
    Vendor:   Intel
    VRAM:     4038 MB
    Driver:   23.20.16.4973
Initialize mono
Mono path[0] = 'C:/Program Files/Unity/Hub/Editor/2021.1.21f1/Editor/Data/Managed'
Mono path[1] = 'C:/Program Files/Unity/Hub/Editor/2021.1.21f1/Editor/Data/MonoBleedingEdge/lib/mono/unityjit'
Mono config path = 'C:/Program Files/Unity/Hub/Editor/2021.1.21f1/Editor/Data/MonoBleedingEdge/etc'
Using monoOptions --debugger-agent=transport=dt_socket,embedding=1,server=y,suspend=n,address=127.0.0.1:56844
Begin MonoManager ReloadAssembly
Registering precompiled unity dll's ...
Register platform support module: C:/Program Files/Unity/Hub/Editor/2021.1.21f1/Editor/Data/PlaybackEngines/WindowsStandaloneSupport/UnityEditor.WindowsStandalone.Extensions.dll
Registered in 0.005426 seconds.
Native extension for WindowsStandalone target not found
Refreshing native plugins compatible for Editor in 257.38 ms, found 3 plugins.
Preloading 0 native plugins for Editor in 0.00 ms.
Mono: successfully reloaded assembly
- Completed reload, in  3.405 seconds
Domain Reload Profiling:
	ReloadAssembly (3405ms)
		BeginReloadAssembly (83ms)
			ExecutionOrderSort (0ms)
			DisableScriptedObjects (0ms)
			BackupInstance (0ms)
			ReleaseScriptingObjects (0ms)
			CreateAndSetChildDomain (1ms)
		EndReloadAssembly (1550ms)
			LoadAssemblies (80ms)
			RebuildTransferFunctionScriptingTraits (0ms)
			SetupTypeCache (506ms)
			ReleaseScriptCaches (0ms)
			RebuildScriptCaches (122ms)
			SetupLoadedEditorAssemblies (774ms)
				LogAssemblyErrors (0ms)
				InitializePlatformSupportModulesInManaged (23ms)
				SetLoadedEditorAssemblies (1ms)
				RefreshPlugins (258ms)
				BeforeProcessingInitializeOnLoad (4ms)
				ProcessInitializeOnLoadAttributes (376ms)
				ProcessInitializeOnLoadMethodAttributes (111ms)
				AfterProcessingInitializeOnLoad (0ms)
				EditorAssembliesLoaded (1ms)
			ExecutionOrderSort2 (0ms)
			AwakeInstancesAfterBackupRestoration (0ms)
Platform modules already initialized, skipping
Registering precompiled user dll's ...
Registered in 0.009520 seconds.
Begin MonoManager ReloadAssembly
Symbol file LoadedFromMemory doesn't match image C:\COMP4024\GolfAdventure\Library\PackageCache\com.unity.visualscripting@1.6.1\Editor\VisualScripting.Core\Dependencies\YamlDotNet\Unity.VisualScripting.YamlDotNet.dll
Symbol file LoadedFromMemory doesn't match image C:\COMP4024\GolfAdventure\Library\PackageCache\com.unity.visualscripting@1.6.1\Editor\VisualScripting.Core\Dependencies\DotNetZip\Unity.VisualScripting.IonicZip.dll
Native extension for WindowsStandalone target not found
Refreshing native plugins compatible for Editor in 2.13 ms, found 3 plugins.
Preloading 0 native plugins for Editor in 0.00 ms.
Mono: successfully reloaded assembly
- Completed reload, in  6.964 seconds
Domain Reload Profiling:
	ReloadAssembly (6966ms)
		BeginReloadAssembly (573ms)
			ExecutionOrderSort (0ms)
			DisableScriptedObjects (18ms)
			BackupInstance (0ms)
			ReleaseScriptingObjects (0ms)
			CreateAndSetChildDomain (77ms)
		EndReloadAssembly (6226ms)
			LoadAssemblies (3825ms)
			RebuildTransferFunctionScriptingTraits (0ms)
			SetupTypeCache (828ms)
			ReleaseScriptCaches (1ms)
			RebuildScriptCaches (120ms)
			SetupLoadedEditorAssemblies (1183ms)
				LogAssemblyErrors (0ms)
				InitializePlatformSupportModulesInManaged (15ms)
				SetLoadedEditorAssemblies (1ms)
				RefreshPlugins (2ms)
				BeforeProcessingInitializeOnLoad (214ms)
				ProcessInitializeOnLoadAttributes (909ms)
				ProcessInitializeOnLoadMethodAttributes (19ms)
				AfterProcessingInitializeOnLoad (22ms)
				EditorAssembliesLoaded (1ms)
			ExecutionOrderSort2 (0ms)
			AwakeInstancesAfterBackupRestoration (24ms)
Platform modules already initialized, skipping
========================================================================
Worker process is ready to serve import requests
Launched and connected shader compiler UnityShaderCompiler.exe after 0.09 seconds
Refreshing native plugins compatible for Editor in 1.99 ms, found 3 plugins.
Preloading 0 native plugins for Editor in 0.00 ms.
Unloading 2950 Unused Serialized files (Serialized files now loaded: 0)
System memory in use before: 108.7 MB.
System memory in use after: 108.9 MB.

Unloading 20 unused Assets to reduce memory usage. Loaded Objects now: 3398.
Total: 11.191200 ms (FindLiveObjects: 0.649500 ms CreateObjectMapping: 0.448600 ms MarkObjects: 9.663100 ms  DeleteObjects: 0.425900 ms)

AssetImportParameters requested are different than current active one (requested -> active):
  custom:framework-win-MediaFoundation: 216162199b28c13a410421893ffa2e32 -> 
  custom:video-decoder-ogg-theora: a1e56fd34408186e4bbccfd4996cb3dc -> 
  custom:container-muxer-webm: aa71ff27fc2769a1b78a27578f13a17b -> 
  custom:container-demuxer-webm: 4f35f7cbe854078d1ac9338744f61a02 -> 
  custom:container-demuxer-ogg: 62fdf1f143b41e24485cea50d1cbac27 -> 
  custom:video-encoder-webm-vp8: eb34c28f22e8b96e1ab97ce403110664 -> 
  custom:video-decoder-webm-vp8: 9c59270c3fd7afecdb556c50c9e8de78 -> 
  custom:audio-decoder-ogg-vorbis: bf7c407c2cedff20999df2af8eb42d56 -> 
  custom:audio-encoder-webm-vorbis: bf7c407c2cedff20999df2af8eb42d56 -> 
========================================================================
Received Import Request.
  path: Assets/Assest/AssetStoreComponents/Decorations/car_blue.fbx
  artifactKey: Guid(98b8e61a42070a540a048a44e550f812) Importer(815301076,1909f56bfc062723c751e8b465ee728b)
Start importing Assets/Assest/AssetStoreComponents/Decorations/car_blue.fbx using Guid(98b8e61a42070a540a048a44e550f812) Importer(815301076,1909f56bfc062723c751e8b465ee728b)  -> (artifact id: '6137c57c93e5ab4d0dafb46eb12adf3e') in 0.618350 seconds 
========================================================================
Received Import Request.
  Time since last request: 0.000863 seconds.
  path: Assets/Assest/AssetStoreComponents/Decorations/road_intersection_X 1.fbx
  artifactKey: Guid(30b62ebb1b2c74445adf93ec7865cfdb) Importer(815301076,1909f56bfc062723c751e8b465ee728b)
Start importing Assets/Assest/AssetStoreComponents/Decorations/road_intersection_X 1.fbx using Guid(30b62ebb1b2c74445adf93ec7865cfdb) Importer(815301076,1909f56bfc062723c751e8b465ee728b)  -> (artifact id: 'a6062f4254e0f59f47e77e2a8f3ea45b') in 0.079311 seconds 
========================================================================
Received Import Request.
  Time since last request: 0.000761 seconds.
  path: Assets/Assest/AssetStoreComponents/Decorations/road_v_3.fbx
  artifactKey: Guid(0cb0dc0a38702cb499cce153d520c3f5) Importer(815301076,1909f56bfc062723c751e8b465ee728b)
Start importing Assets/Assest/AssetStoreComponents/Decorations/road_v_3.fbx using Guid(0cb0dc0a38702cb499cce153d520c3f5) Importer(815301076,1909f56bfc062723c751e8b465ee728b)  -> (artifact id: '84715f65ba84e7b647caa8f8307f4476') in 0.076427 seconds 
========================================================================
Received Import Request.
  Time since last request: 0.000863 seconds.
  path: Assets/Assest/AssetStoreComponents/Decorations/car_green.fbx
  artifactKey: Guid(d5b6d350b0446fd4bb81980150a0507e) Importer(815301076,1909f56bfc062723c751e8b465ee728b)
Start importing Assets/Assest/AssetStoreComponents/Decorations/car_green.fbx using Guid(d5b6d350b0446fd4bb81980150a0507e) Importer(815301076,1909f56bfc062723c751e8b465ee728b)  -> (artifact id: '44a20a89aa376459e480b99f8ac39f3c') in 0.074039 seconds 
========================================================================
Received Import Request.
  Time since last request: 0.000897 seconds.
  path: Assets/Assest/AssetStoreComponents/Decorations/car_red.fbx
  artifactKey: Guid(39d371fa45fd6c146bb29d40fb1a764f) Importer(815301076,1909f56bfc062723c751e8b465ee728b)
Start importing Assets/Assest/AssetStoreComponents/Decorations/car_red.fbx using Guid(39d371fa45fd6c146bb29d40fb1a764f) Importer(815301076,1909f56bfc062723c751e8b465ee728b)  -> (artifact id: 'ffb65f5e12dc6965e9d7e3631d0cd229') in 0.071759 seconds 
========================================================================
Received Import Request.
  Time since last request: 0.000801 seconds.
  path: Assets/Assest/AssetStoreComponents/Decorations/bench_2_v_3.fbx
  artifactKey: Guid(8d099d309566e4d4fabf0a167d269e1d) Importer(815301076,1909f56bfc062723c751e8b465ee728b)
Start importing Assets/Assest/AssetStoreComponents/Decorations/bench_2_v_3.fbx using Guid(8d099d309566e4d4fabf0a167d269e1d) Importer(815301076,1909f56bfc062723c751e8b465ee728b)  -> (artifact id: '11873bd3d35d29a1d0987bd802c7884c') in 0.069422 seconds 
========================================================================
Received Import Request.
  Time since last request: 0.000705 seconds.
  path: Assets/Assest/AssetStoreComponents/Decorations/bench_2_v_1.fbx
  artifactKey: Guid(3e3850fd8012e494fae8f1ef444dc2e2) Importer(815301076,1909f56bfc062723c751e8b465ee728b)
Start importing Assets/Assest/AssetStoreComponents/Decorations/bench_2_v_1.fbx using Guid(3e3850fd8012e494fae8f1ef444dc2e2) Importer(815301076,1909f56bfc062723c751e8b465ee728b)  -> (artifact id: 'f7fd94d53b35e5face35167e52b43c9c') in 0.069759 seconds 
========================================================================
Received Import Request.
  Time since last request: 0.000696 seconds.
  path: Assets/Assest/AssetStoreComponents/Decorations/fence_1.fbx
  artifactKey: Guid(6e784e826a7585a4e9c64aa527741c45) Importer(815301076,1909f56bfc062723c751e8b465ee728b)
Start importing Assets/Assest/AssetStoreComponents/Decorations/fence_1.fbx using Guid(6e784e826a7585a4e9c64aa527741c45) Importer(815301076,1909f56bfc062723c751e8b465ee728b)  -> (artifact id: '0905359b8058e3ebcbf4f4c9c9e9126d') in 0.065828 seconds 
========================================================================
Received Import Request.
  Time since last request: 0.000736 seconds.
  path: Assets/Assest/AssetStoreComponents/Customizable Skybox/dark trunk.mat
  artifactKey: Guid(7c7f7e923f30d8b4193dfc9a7eb33ea9) Importer(815301076,1909f56bfc062723c751e8b465ee728b)
Start importing Assets/Assest/AssetStoreComponents/Customizable Skybox/dark trunk.mat using Guid(7c7f7e923f30d8b4193dfc9a7eb33ea9) Importer(815301076,1909f56bfc062723c751e8b465ee728b)  -> (artifact id: 'bb1309fcc827b0150fdd3e98d565b458') in 0.141692 seconds 
========================================================================
Received Import Request.
  Time since last request: 0.000719 seconds.
  path: Assets/Assest/AssetStoreComponents/Decorations/road_v_2.fbx
  artifactKey: Guid(cb9a2a7a5af1c264f906dc5d6ef863c5) Importer(815301076,1909f56bfc062723c751e8b465ee728b)
Start importing Assets/Assest/AssetStoreComponents/Decorations/road_v_2.fbx using Guid(cb9a2a7a5af1c264f906dc5d6ef863c5) Importer(815301076,1909f56bfc062723c751e8b465ee728b)  -> (artifact id: '1bc25ebc50ef7c3f866215e661304f58') in 0.076505 seconds 
========================================================================
Received Import Request.
  Time since last request: 0.000757 seconds.
  path: Assets/Assest/AssetStoreComponents/Decorations/road_v_1.fbx
  artifactKey: Guid(e76f46822b86040409282562a85ce324) Importer(815301076,1909f56bfc062723c751e8b465ee728b)
Start importing Assets/Assest/AssetStoreComponents/Decorations/road_v_1.fbx using Guid(e76f46822b86040409282562a85ce324) Importer(815301076,1909f56bfc062723c751e8b465ee728b)  -> (artifact id: '4f052d9ce1652531cd461d29419e5c9e') in 0.075562 seconds 
========================================================================
Received Import Request.
  Time since last request: 0.000790 seconds.
  path: Assets/Assest/AssetStoreComponents/Decorations/road_intersection_T.fbx
  artifactKey: Guid(8bcfdd1caed6d2a488dcdc220b13f8cb) Importer(815301076,1909f56bfc062723c751e8b465ee728b)
Start importing Assets/Assest/AssetStoreComponents/Decorations/road_intersection_T.fbx using Guid(8bcfdd1caed6d2a488dcdc220b13f8cb) Importer(815301076,1909f56bfc062723c751e8b465ee728b)  -> (artifact id: '1e4244032f28ebff1afff88a37693297') in 0.078736 seconds 
========================================================================
Received Import Request.
  Time since last request: 0.000852 seconds.
  path: Assets/Assest/AssetStoreComponents/Decorations/bench_1_v_1.fbx
  artifactKey: Guid(0765c890073ff194f939b8df69c96520) Importer(815301076,1909f56bfc062723c751e8b465ee728b)
Start importing Assets/Assest/AssetStoreComponents/Decorations/bench_1_v_1.fbx using Guid(0765c890073ff194f939b8df69c96520) Importer(815301076,1909f56bfc062723c751e8b465ee728b)  -> (artifact id: '9d362a2845848e078c990bf09d5caf1e') in 0.069536 seconds 
========================================================================
Received Import Request.
  Time since last request: 0.000786 seconds.
  path: Assets/Assest/AssetStoreComponents/Decorations/car_white.fbx
  artifactKey: Guid(4e0a22c1027c18f42bbe8ab97830e1c9) Importer(815301076,1909f56bfc062723c751e8b465ee728b)
Start importing Assets/Assest/AssetStoreComponents/Decorations/car_white.fbx using Guid(4e0a22c1027c18f42bbe8ab97830e1c9) Importer(815301076,1909f56bfc062723c751e8b465ee728b)  -> (artifact id: '5a7026cceadc54648879d6a65f8bebd9') in 0.074102 seconds 
========================================================================
Received Import Request.
  Time since last request: 0.000816 seconds.
  path: Assets/Assest/AssetStoreComponents/Decorations/fence_2.fbx
  artifactKey: Guid(c31d491304d6f444ab1c77751822a980) Importer(815301076,1909f56bfc062723c751e8b465ee728b)
Start importing Assets/Assest/AssetStoreComponents/Decorations/fence_2.fbx using Guid(c31d491304d6f444ab1c77751822a980) Importer(815301076,1909f56bfc062723c751e8b465ee728b)  -> (artifact id: 'd7046fb556b76c849a855db5653c1684') in 0.069440 seconds 
========================================================================
Received Import Request.
  Time since last request: 0.000771 seconds.
  path: Assets/Assest/AssetStoreComponents/Decorations/road_v_4.fbx
  artifactKey: Guid(bd904bf06fb40e4478bb82e9df00079b) Importer(815301076,1909f56bfc062723c751e8b465ee728b)
Start importing Assets/Assest/AssetStoreComponents/Decorations/road_v_4.fbx using Guid(bd904bf06fb40e4478bb82e9df00079b) Importer(815301076,1909f56bfc062723c751e8b465ee728b)  -> (artifact id: '93961a4b0de54eca93ba9c0c840ca8b3') in 0.071655 seconds 
========================================================================
Received Import Request.
  Time since last request: 0.000776 seconds.
  path: Assets/Assest/AssetStoreComponents/Decorations/bench_1_v_2.fbx
  artifactKey: Guid(119998b4b71309b4797177897219b79c) Importer(815301076,1909f56bfc062723c751e8b465ee728b)
Start importing Assets/Assest/AssetStoreComponents/Decorations/bench_1_v_2.fbx using Guid(119998b4b71309b4797177897219b79c) Importer(815301076,1909f56bfc062723c751e8b465ee728b)  -> (artifact id: '1821a2284cad32040184a219e3128952') in 0.071346 seconds 
========================================================================
Received Import Request.
  Time since last request: 0.000983 seconds.
  path: Assets/Assest/AssetStoreComponents
  artifactKey: Guid(5223b0c4a2413de4fa59ac82961bd826) Importer(815301076,1909f56bfc062723c751e8b465ee728b)
Start importing Assets/Assest/AssetStoreComponents using Guid(5223b0c4a2413de4fa59ac82961bd826) Importer(815301076,1909f56bfc062723c751e8b465ee728b)  -> (artifact id: 'bb88a7da0b74a43f751f17e30efbaa3b') in 0.029704 seconds 
========================================================================
Received Import Request.
  Time since last request: 0.000890 seconds.
  path: Assets/Assest/AssetStoreComponents/Decorations/road_stop.fbx
  artifactKey: Guid(bc014c26716b82a4dba4ae3c3bbf1d0b) Importer(815301076,1909f56bfc062723c751e8b465ee728b)
Start importing Assets/Assest/AssetStoreComponents/Decorations/road_stop.fbx using Guid(bc014c26716b82a4dba4ae3c3bbf1d0b) Importer(815301076,1909f56bfc062723c751e8b465ee728b)  -> (artifact id: 'a4233a918470d914bf65ad451b39217a') in 0.083494 seconds 
========================================================================
Received Import Request.
  Time since last request: 0.000988 seconds.
  path: Assets/Assest/AssetStoreComponents/Decorations/bench_2_v_2.fbx
  artifactKey: Guid(ccc418124eae89c46bfbf5ab529e24a5) Importer(815301076,1909f56bfc062723c751e8b465ee728b)
Start importing Assets/Assest/AssetStoreComponents/Decorations/bench_2_v_2.fbx using Guid(ccc418124eae89c46bfbf5ab529e24a5) Importer(815301076,1909f56bfc062723c751e8b465ee728b)  -> (artifact id: 'e1561dc7727ffd5bfe3a08d3ceac4ce1') in 0.069132 seconds 
========================================================================
Received Import Request.
  Time since last request: 0.000795 seconds.
  path: Assets/Assest/AssetStoreComponents/Decorations/road_intersection_X.fbx
  artifactKey: Guid(9ece6282cbf2b43409be328c6433c4e4) Importer(815301076,1909f56bfc062723c751e8b465ee728b)
Start importing Assets/Assest/AssetStoreComponents/Decorations/road_intersection_X.fbx using Guid(9ece6282cbf2b43409be328c6433c4e4) Importer(815301076,1909f56bfc062723c751e8b465ee728b)  -> (artifact id: 'c991edf28045aa8088fe0c4e47811cc5') in 0.092139 seconds 
========================================================================
Received Import Request.
  Time since last request: 0.000934 seconds.
  path: Assets/Assest/AssetStoreComponents/Decorations/road.fbx
  artifactKey: Guid(bdbd9d7226778fd4b8192cf3df5e028d) Importer(815301076,1909f56bfc062723c751e8b465ee728b)
Start importing Assets/Assest/AssetStoreComponents/Decorations/road.fbx using Guid(bdbd9d7226778fd4b8192cf3df5e028d) Importer(815301076,1909f56bfc062723c751e8b465ee728b)  -> (artifact id: '3a4db866d858f75560855be85d1de247') in 0.069344 seconds 
========================================================================
Received Import Request.
  Time since last request: 0.000725 seconds.
  path: Assets/Assest/AssetStoreComponents/Decorations/bench_1_v_3.fbx
  artifactKey: Guid(3d80b6ccf651fe943a1988f60b388549) Importer(815301076,1909f56bfc062723c751e8b465ee728b)
Start importing Assets/Assest/AssetStoreComponents/Decorations/bench_1_v_3.fbx using Guid(3d80b6ccf651fe943a1988f60b388549) Importer(815301076,1909f56bfc062723c751e8b465ee728b)  -> (artifact id: '6397cd35b17fb167002f4a3e02aeec8d') in 0.069465 seconds 
========================================================================
Received Import Request.
  Time since last request: 0.000762 seconds.
  path: Assets/Assest/AssetStoreComponents/Decorations/road_intersection_L.fbx
  artifactKey: Guid(4d8e62f5885b4c746ad9a100c401d90b) Importer(815301076,1909f56bfc062723c751e8b465ee728b)
Start importing Assets/Assest/AssetStoreComponents/Decorations/road_intersection_L.fbx using Guid(4d8e62f5885b4c746ad9a100c401d90b) Importer(815301076,1909f56bfc062723c751e8b465ee728b)  -> (artifact id: '8fdfb54fe5ee7a9778d6e309b8e114d4') in 0.067492 seconds 
========================================================================
Received Import Request.
  Time since last request: 1.576138 seconds.
  path: Assets/Scenes/SampleScene.unity
  artifactKey: Guid(9fc0d4010bbf28b4594072e72b8655ab) Importer(815301076,1909f56bfc062723c751e8b465ee728b)
Start importing Assets/Scenes/SampleScene.unity using Guid(9fc0d4010bbf28b4594072e72b8655ab) Importer(815301076,1909f56bfc062723c751e8b465ee728b)  -> (artifact id: 'bc6738199ac8e4ba719469c487a4a96e') in 0.013789 seconds 
========================================================================
Received Import Request.
  Time since last request: 10.884928 seconds.
  path: Assets/Scenes/LevelDesign.unity
  artifactKey: Guid(9fc0d4010bbf28b4594072e72b8655ab) Importer(815301076,1909f56bfc062723c751e8b465ee728b)
Start importing Assets/Scenes/LevelDesign.unity using Guid(9fc0d4010bbf28b4594072e72b8655ab) Importer(815301076,1909f56bfc062723c751e8b465ee728b)  -> (artifact id: '05cdb37006d407a1e08758eddd5b01be') in 0.013598 seconds 
========================================================================
Received Import Request.
  Time since last request: 4.745432 seconds.
  path: Assets/ProBuilder Data/Default Color Palette.asset
  artifactKey: Guid(f2bcc3bbd9a6c64489dcb2779041b229) Importer(815301076,1909f56bfc062723c751e8b465ee728b)
Start importing Assets/ProBuilder Data/Default Color Palette.asset using Guid(f2bcc3bbd9a6c64489dcb2779041b229) Importer(815301076,1909f56bfc062723c751e8b465ee728b)  -> (artifact id: 'fb9d5ff6772868ba36fb4736f9f3468d') in 0.038854 seconds 
AssetImportWorkerClient::OnTransportError - code=2 error=End of file
